<?xml version="1.0" encoding="UTF-8"?>
<!-- Generated by org.testng.reporters.JUnitReportReporter -->
<testsuite skipped="0" hostname="DESKTOP-GRE55VD" name="com.test.com.test.App" tests="2" failures="0" timestamp="11 Sep 2019 10:10:56 GMT" time="36.222" errors="0">
  <testcase name="Register" time="24.567" classname="com.test.com.test.App"/>
  <testcase name="login" time="11.655" classname="com.test.com.test.App"/>
</testsuite> <!-- com.test.com.test.App -->
