<?xml version="1.0" encoding="UTF-8"?>
<!-- Generated by org.testng.reporters.JUnitReportReporter -->
<testsuite skipped="0" hostname="DESKTOP-GRE55VD" name="com.test.com.test.Test2" tests="2" failures="0" timestamp="17 Oct 2019 05:00:10 GMT" time="54.230" errors="0">
  <testcase name="HomePage" time="47.562" classname="com.test.com.test.Test2"/>
  <testcase name="MouseHover" time="6.668" classname="com.test.com.test.Test2"/>
</testsuite> <!-- com.test.com.test.Test2 -->
