<?xml version="1.0" encoding="UTF-8"?>
<!-- Generated by org.testng.reporters.JUnitReportReporter -->
<testsuite skipped="0" hostname="DESKTOP-GRE55VD" name="com.test.com.test.Test1" tests="1" failures="0" timestamp="17 Oct 2019 05:00:10 GMT" time="42.099" errors="0">
  <testcase name="Register" time="42.099" classname="com.test.com.test.Test1"/>
</testsuite> <!-- com.test.com.test.Test1 -->
