<?xml version="1.0" encoding="UTF-8"?>
<!-- Generated by org.testng.reporters.JUnitReportReporter -->
<testsuite skipped="0" hostname="DESKTOP-GRE55VD" name="com.test.NewTest" tests="1" failures="0" timestamp="12 Sep 2019 10:50:58 GMT" time="0.003" errors="0">
  <testcase name="f" time="0.003" classname="com.test.NewTest"/>
</testsuite> <!-- com.test.NewTest -->
